<?xml version="1.0" encoding="UTF-8"?>
<testng-results ignored="0" total="1" passed="1" failed="0" skipped="0">
  <reporter-output>
    <line>
      <![CDATA[Launching Browser]]>
    </line>
    <line>
      <![CDATA[Application Logged in]]>
    </line>
    <line>
      <![CDATA[Running199]]>
    </line>
    <line>
      <![CDATA[User ID matching TC Passed ]]>
    </line>
    <line>
      <![CDATA[Logging out ]]>
    </line>
    <line>
      <![CDATA[Closing Browser ]]>
    </line>
  </reporter-output>
  <suite started-at="2022-07-07T16:19:35 IST" name="Suite" finished-at="2022-07-07T16:19:50 IST" duration-ms="15489">
    <groups>
    </groups>
    <test started-at="2022-07-07T16:19:35 IST" name="Test" finished-at="2022-07-07T16:19:50 IST" duration-ms="15489">
      <class name="kiteTestBaseUtility.TestLoginLogout">
        <test-method is-config="true" signature="LaunchBrowser()[pri:0, instance:kiteTestBaseUtility.TestLoginLogout@2e3967ea]" started-at="2022-07-07T16:19:35 IST" name="LaunchBrowser" finished-at="2022-07-07T16:19:42 IST" duration-ms="7268" status="PASS">
          <reporter-output>
            <line>
              <![CDATA[Launching Browser]]>
            </line>
          </reporter-output>
        </test-method> <!-- LaunchBrowser -->
        <test-method is-config="true" signature="LoginApplication()[pri:0, instance:kiteTestBaseUtility.TestLoginLogout@2e3967ea]" started-at="2022-07-07T16:19:42 IST" name="LoginApplication" finished-at="2022-07-07T16:19:45 IST" duration-ms="2878" status="PASS">
          <reporter-output>
            <line>
              <![CDATA[Application Logged in]]>
            </line>
          </reporter-output>
        </test-method> <!-- LoginApplication -->
        <test-method signature="ValidateUserID()[pri:0, instance:kiteTestBaseUtility.TestLoginLogout@2e3967ea]" started-at="2022-07-07T16:19:45 IST" name="ValidateUserID" finished-at="2022-07-07T16:19:46 IST" duration-ms="524" status="PASS">
          <reporter-output>
            <line>
              <![CDATA[Running199]]>
            </line>
            <line>
              <![CDATA[User ID matching TC Passed ]]>
            </line>
          </reporter-output>
        </test-method> <!-- ValidateUserID -->
        <test-method is-config="true" signature="LogOutFormApplication()[pri:0, instance:kiteTestBaseUtility.TestLoginLogout@2e3967ea]" started-at="2022-07-07T16:19:46 IST" name="LogOutFormApplication" finished-at="2022-07-07T16:19:48 IST" duration-ms="2766" status="PASS">
          <reporter-output>
            <line>
              <![CDATA[Logging out ]]>
            </line>
          </reporter-output>
        </test-method> <!-- LogOutFormApplication -->
        <test-method is-config="true" signature="CloseBroswer()[pri:0, instance:kiteTestBaseUtility.TestLoginLogout@2e3967ea]" started-at="2022-07-07T16:19:48 IST" name="CloseBroswer" finished-at="2022-07-07T16:19:50 IST" duration-ms="2009" status="PASS">
          <reporter-output>
            <line>
              <![CDATA[Closing Browser ]]>
            </line>
          </reporter-output>
        </test-method> <!-- CloseBroswer -->
      </class> <!-- kiteTestBaseUtility.TestLoginLogout -->
    </test> <!-- Test -->
  </suite> <!-- Suite -->
</testng-results>
